<?xml version="1.0" encoding="UTF-8"?>
<!-- Generated by org.testng.reporters.JUnitXMLReporter -->
<testsuite hostname="MokshiJeevi" failures="3" tests="5" name="Demoblaze Functional Tests" time="5.832" errors="0" timestamp="2 Jun 2025 19:14:37 GMT">
  <testcase classname="com.demoblaze.testcases.CartTest" name="@BeforeClass setUp" time="0.0">
    <failure type="java.lang.NullPointerException">
      <![CDATA[java.lang.NullPointerException
	at java.base/java.util.Objects.requireNonNull(Objects.java:208)
	at java.base/java.util.ImmutableCollections$Map1.<init>(ImmutableCollections.java:1105)
	at java.base/java.util.Map.of(Map.java:1309)
	at org.openqa.selenium.remote.DriverCommand.GET(DriverCommand.java:176)
	at org.openqa.selenium.remote.RemoteWebDriver.get(RemoteWebDriver.java:312)
	at com.demoblaze.testcases.CartTest.setUp(CartTest.java:31)
... Removed 24 stack frames]]>
    </failure>
  </testcase> <!-- @BeforeClass setUp -->
  <testcase classname="com.demoblaze.testcases.CartTest" name="@AfterClass tearDown" time="0.0">
    <skipped/>
  </testcase> <!-- @AfterClass tearDown -->
  <testcase classname="com.demoblaze.testcases.CartTest" name="testAddToCartAndPlaceOrder" time="0.26">
    <skipped/>
  </testcase> <!-- testAddToCartAndPlaceOrder -->
  <testcase classname="com.demoblaze.testcases.LoginTest" name="validLoginTest" time="0.013"/>
  <testcase classname="com.demoblaze.testcases.LogoutTest" name="testLogoutFunctionality" time="0.001">
    <failure type="java.lang.NullPointerException" message="Cannot invoke &amp;quot;org.openqa.selenium.TakesScreenshot.getScreenshotAs(org.openqa.selenium.OutputType)&amp;quot; because &amp;quot;driver&amp;quot; is null">
      <![CDATA[java.lang.NullPointerException: Cannot invoke "org.openqa.selenium.TakesScreenshot.getScreenshotAs(org.openqa.selenium.OutputType)" because "driver" is null
	at com.demoblaze.utilities.ScreenshotUtil.captureScreenshot(ScreenshotUtil.java:14)
	at com.demoblaze.testcases.LogoutTest.testLogoutFunctionality(LogoutTest.java:38)
... Removed 24 stack frames]]>
    </failure>
  </testcase> <!-- testLogoutFunctionality -->
  <testcase classname="com.demoblaze.testcases.PlaceOrderTest" name="testPlaceOrder" time="0.001">
    <failure type="java.lang.NullPointerException" message="Cannot invoke &amp;quot;org.openqa.selenium.TakesScreenshot.getScreenshotAs(org.openqa.selenium.OutputType)&amp;quot; because &amp;quot;driver&amp;quot; is null">
      <![CDATA[java.lang.NullPointerException: Cannot invoke "org.openqa.selenium.TakesScreenshot.getScreenshotAs(org.openqa.selenium.OutputType)" because "driver" is null
	at com.demoblaze.utilities.ScreenshotUtil.captureScreenshot(ScreenshotUtil.java:14)
	at com.demoblaze.testcases.PlaceOrderTest.testPlaceOrder(PlaceOrderTest.java:46)
... Removed 24 stack frames]]>
    </failure>
  </testcase> <!-- testPlaceOrder -->
  <testcase classname="com.demoblaze.testcases.SignUpTest" name="testValidSignUp" time="0.0">
    <failure type="java.lang.NullPointerException" message="Cannot invoke &amp;quot;org.openqa.selenium.TakesScreenshot.getScreenshotAs(org.openqa.selenium.OutputType)&amp;quot; because &amp;quot;driver&amp;quot; is null">
      <![CDATA[java.lang.NullPointerException: Cannot invoke "org.openqa.selenium.TakesScreenshot.getScreenshotAs(org.openqa.selenium.OutputType)" because "driver" is null
	at com.demoblaze.utilities.ScreenshotUtil.captureScreenshot(ScreenshotUtil.java:14)
	at com.demoblaze.testcases.SignUpTest.testValidSignUp(SignUpTest.java:37)
... Removed 24 stack frames]]>
    </failure>
  </testcase> <!-- testValidSignUp -->
</testsuite> <!-- Demoblaze Functional Tests -->
